2015-05-01 17:09:43 Error: Fatal Error (4): syntax error, unexpected ''host'' (T_CONSTANT_ENCAPSED_STRING), expecting ')' in [/var/www/html/cake/app/Config/database.php, line 75]
2015-05-01 17:09:43 Error: [FatalErrorException] syntax error, unexpected ''host'' (T_CONSTANT_ENCAPSED_STRING), expecting ')'
Request URL: /cake/
Stack Trace:
#0 /var/www/html/cake/lib/Cake/Error/ErrorHandler.php(213): ErrorHandler::handleFatalError(4, 'syntax error, u...', '/var/www/html/c...', 75)
#1 [internal function]: ErrorHandler::handleError(4, 'syntax error, u...', '/var/www/html/c...', 75, Array)
#2 /var/www/html/cake/lib/Cake/Core/App.php(933): call_user_func('ErrorHandler::h...', 4, 'syntax error, u...', '/var/www/html/c...', 75, Array)
#3 /var/www/html/cake/lib/Cake/Core/App.php(906): App::_checkFatalError()
#4 [internal function]: App::shutdown()
#5 {main}
2015-05-02 06:11:53 Error: Fatal Error (4): syntax error, unexpected 'public' (T_PUBLIC) in [/var/www/html/cake/app/Controller/AppController.php, line 36]
2015-05-02 06:11:53 Error: [FatalErrorException] syntax error, unexpected 'public' (T_PUBLIC)
Request URL: /cake/
Stack Trace:
#0 /var/www/html/cake/lib/Cake/Error/ErrorHandler.php(213): ErrorHandler::handleFatalError(4, 'syntax error, u...', '/var/www/html/c...', 36)
#1 [internal function]: ErrorHandler::handleError(4, 'syntax error, u...', '/var/www/html/c...', 36, Array)
#2 /var/www/html/cake/lib/Cake/Core/App.php(933): call_user_func('ErrorHandler::h...', 4, 'syntax error, u...', '/var/www/html/c...', 36, Array)
#3 /var/www/html/cake/lib/Cake/Core/App.php(906): App::_checkFatalError()
#4 [internal function]: App::shutdown()
#5 {main}
2015-05-02 06:13:51 Error: Fatal Error (4): syntax error, unexpected '(', expecting ',' or ';' in [/var/www/html/cake/app/Controller/AppController.php, line 35]
2015-05-02 06:13:51 Error: [FatalErrorException] syntax error, unexpected '(', expecting ',' or ';'
Request URL: /cake/
Stack Trace:
#0 /var/www/html/cake/lib/Cake/Error/ErrorHandler.php(213): ErrorHandler::handleFatalError(4, 'syntax error, u...', '/var/www/html/c...', 35)
#1 [internal function]: ErrorHandler::handleError(4, 'syntax error, u...', '/var/www/html/c...', 35, Array)
#2 /var/www/html/cake/lib/Cake/Core/App.php(933): call_user_func('ErrorHandler::h...', 4, 'syntax error, u...', '/var/www/html/c...', 35, Array)
#3 /var/www/html/cake/lib/Cake/Core/App.php(906): App::_checkFatalError()
#4 [internal function]: App::shutdown()
#5 {main}
2015-05-02 06:13:52 Error: Fatal Error (4): syntax error, unexpected '(', expecting ',' or ';' in [/var/www/html/cake/app/Controller/AppController.php, line 35]
2015-05-02 06:13:52 Error: [FatalErrorException] syntax error, unexpected '(', expecting ',' or ';'
Request URL: /cake/
Stack Trace:
#0 /var/www/html/cake/lib/Cake/Error/ErrorHandler.php(213): ErrorHandler::handleFatalError(4, 'syntax error, u...', '/var/www/html/c...', 35)
#1 [internal function]: ErrorHandler::handleError(4, 'syntax error, u...', '/var/www/html/c...', 35, Array)
#2 /var/www/html/cake/lib/Cake/Core/App.php(933): call_user_func('ErrorHandler::h...', 4, 'syntax error, u...', '/var/www/html/c...', 35, Array)
#3 /var/www/html/cake/lib/Cake/Core/App.php(906): App::_checkFatalError()
#4 [internal function]: App::shutdown()
#5 {main}
2015-05-02 06:13:52 Error: Fatal Error (4): syntax error, unexpected '(', expecting ',' or ';' in [/var/www/html/cake/app/Controller/AppController.php, line 35]
2015-05-02 06:13:52 Error: [FatalErrorException] syntax error, unexpected '(', expecting ',' or ';'
Request URL: /cake/
Stack Trace:
#0 /var/www/html/cake/lib/Cake/Error/ErrorHandler.php(213): ErrorHandler::handleFatalError(4, 'syntax error, u...', '/var/www/html/c...', 35)
#1 [internal function]: ErrorHandler::handleError(4, 'syntax error, u...', '/var/www/html/c...', 35, Array)
#2 /var/www/html/cake/lib/Cake/Core/App.php(933): call_user_func('ErrorHandler::h...', 4, 'syntax error, u...', '/var/www/html/c...', 35, Array)
#3 /var/www/html/cake/lib/Cake/Core/App.php(906): App::_checkFatalError()
#4 [internal function]: App::shutdown()
#5 {main}
2015-05-02 06:13:53 Error: Fatal Error (4): syntax error, unexpected '(', expecting ',' or ';' in [/var/www/html/cake/app/Controller/AppController.php, line 35]
2015-05-02 06:13:53 Error: [FatalErrorException] syntax error, unexpected '(', expecting ',' or ';'
Request URL: /cake/
Stack Trace:
#0 /var/www/html/cake/lib/Cake/Error/ErrorHandler.php(213): ErrorHandler::handleFatalError(4, 'syntax error, u...', '/var/www/html/c...', 35)
#1 [internal function]: ErrorHandler::handleError(4, 'syntax error, u...', '/var/www/html/c...', 35, Array)
#2 /var/www/html/cake/lib/Cake/Core/App.php(933): call_user_func('ErrorHandler::h...', 4, 'syntax error, u...', '/var/www/html/c...', 35, Array)
#3 /var/www/html/cake/lib/Cake/Core/App.php(906): App::_checkFatalError()
#4 [internal function]: App::shutdown()
#5 {main}
2015-05-02 06:14:24 Error: Fatal Error (4): syntax error, unexpected '(', expecting ',' or ';' in [/var/www/html/cake/app/Controller/AppController.php, line 35]
2015-05-02 06:14:24 Error: [FatalErrorException] syntax error, unexpected '(', expecting ',' or ';'
Request URL: /cake/
Stack Trace:
#0 /var/www/html/cake/lib/Cake/Error/ErrorHandler.php(213): ErrorHandler::handleFatalError(4, 'syntax error, u...', '/var/www/html/c...', 35)
#1 [internal function]: ErrorHandler::handleError(4, 'syntax error, u...', '/var/www/html/c...', 35, Array)
#2 /var/www/html/cake/lib/Cake/Core/App.php(933): call_user_func('ErrorHandler::h...', 4, 'syntax error, u...', '/var/www/html/c...', 35, Array)
#3 /var/www/html/cake/lib/Cake/Core/App.php(906): App::_checkFatalError()
#4 [internal function]: App::shutdown()
#5 {main}
2015-05-02 06:17:31 Error: Fatal Error (4): syntax error, unexpected '(', expecting ',' or ';' in [/var/www/html/cake/app/Controller/AppController.php, line 35]
2015-05-02 06:17:31 Error: [FatalErrorException] syntax error, unexpected '(', expecting ',' or ';'
Request URL: /cake/
Stack Trace:
#0 /var/www/html/cake/lib/Cake/Error/ErrorHandler.php(213): ErrorHandler::handleFatalError(4, 'syntax error, u...', '/var/www/html/c...', 35)
#1 [internal function]: ErrorHandler::handleError(4, 'syntax error, u...', '/var/www/html/c...', 35, Array)
#2 /var/www/html/cake/lib/Cake/Core/App.php(933): call_user_func('ErrorHandler::h...', 4, 'syntax error, u...', '/var/www/html/c...', 35, Array)
#3 /var/www/html/cake/lib/Cake/Core/App.php(906): App::_checkFatalError()
#4 [internal function]: App::shutdown()
#5 {main}
2015-05-02 06:18:47 Error: Fatal Error (4): syntax error, unexpected '(', expecting ',' or ';' in [/var/www/html/cake/app/Controller/AppController.php, line 35]
2015-05-02 06:18:47 Error: [FatalErrorException] syntax error, unexpected '(', expecting ',' or ';'
Request URL: /cake/
Stack Trace:
#0 /var/www/html/cake/lib/Cake/Error/ErrorHandler.php(213): ErrorHandler::handleFatalError(4, 'syntax error, u...', '/var/www/html/c...', 35)
#1 [internal function]: ErrorHandler::handleError(4, 'syntax error, u...', '/var/www/html/c...', 35, Array)
#2 /var/www/html/cake/lib/Cake/Core/App.php(933): call_user_func('ErrorHandler::h...', 4, 'syntax error, u...', '/var/www/html/c...', 35, Array)
#3 /var/www/html/cake/lib/Cake/Core/App.php(906): App::_checkFatalError()
#4 [internal function]: App::shutdown()
#5 {main}
2015-05-03 20:34:37 Error: [MissingControllerException] Controller class PurchaseOrderController could not be found.
Exception Attributes: array (
  'class' => 'PurchaseOrderController',
  'plugin' => NULL,
)
Request URL: /Almacen/Purchase_order
Stack Trace:
#0 /var/www/html/Almacen/app/webroot/index.php(118): Dispatcher->dispatch(Object(CakeRequest), Object(CakeResponse))
#1 {main}
2015-05-03 20:35:27 Error: [MissingControllerException] Controller class PurchaseOrderController could not be found.
Exception Attributes: array (
  'class' => 'PurchaseOrderController',
  'plugin' => NULL,
)
Request URL: /Almacen/Purchase_order
Stack Trace:
#0 /var/www/html/Almacen/app/webroot/index.php(118): Dispatcher->dispatch(Object(CakeRequest), Object(CakeResponse))
#1 {main}
2015-05-03 20:35:28 Error: [MissingControllerException] Controller class PurchaseOrderController could not be found.
Exception Attributes: array (
  'class' => 'PurchaseOrderController',
  'plugin' => NULL,
)
Request URL: /Almacen/Purchase_order
Stack Trace:
#0 /var/www/html/Almacen/app/webroot/index.php(118): Dispatcher->dispatch(Object(CakeRequest), Object(CakeResponse))
#1 {main}
2015-05-03 20:36:13 Error: [MissingControllerException] Controller class PurchaseOrderController could not be found.
Exception Attributes: array (
  'class' => 'PurchaseOrderController',
  'plugin' => NULL,
)
Request URL: /Almacen/Purchase_order
Stack Trace:
#0 /var/www/html/Almacen/app/webroot/index.php(118): Dispatcher->dispatch(Object(CakeRequest), Object(CakeResponse))
#1 {main}
2015-05-03 20:36:49 Error: [MissingControllerException] Controller class PurchaseOrderController could not be found.
Exception Attributes: array (
  'class' => 'PurchaseOrderController',
  'plugin' => NULL,
)
Request URL: /Almacen/Purchase_order
Stack Trace:
#0 /var/www/html/Almacen/app/webroot/index.php(118): Dispatcher->dispatch(Object(CakeRequest), Object(CakeResponse))
#1 {main}
2015-05-03 20:38:00 Error: [MissingControllerException] Controller class PurchaseOrderController could not be found.
Exception Attributes: array (
  'class' => 'PurchaseOrderController',
  'plugin' => NULL,
)
Request URL: /Almacen/Purchase_order
Stack Trace:
#0 /var/www/html/Almacen/app/webroot/index.php(118): Dispatcher->dispatch(Object(CakeRequest), Object(CakeResponse))
#1 {main}
2015-05-03 20:38:21 Error: [MissingControllerException] Controller class PurchaseOrderController could not be found.
Exception Attributes: array (
  'class' => 'PurchaseOrderController',
  'plugin' => NULL,
)
Request URL: /Almacen/Purchase_order/
Stack Trace:
#0 /var/www/html/Almacen/app/webroot/index.php(118): Dispatcher->dispatch(Object(CakeRequest), Object(CakeResponse))
#1 {main}
2015-05-03 20:38:56 Error: [MissingControllerException] Controller class PurchaseOrderController could not be found.
Exception Attributes: array (
  'class' => 'PurchaseOrderController',
  'plugin' => NULL,
)
Request URL: /Almacen/Purchase_order/
Stack Trace:
#0 /var/www/html/Almacen/app/webroot/index.php(118): Dispatcher->dispatch(Object(CakeRequest), Object(CakeResponse))
#1 {main}
2015-05-03 20:38:57 Error: [MissingControllerException] Controller class PurchaseOrderController could not be found.
Exception Attributes: array (
  'class' => 'PurchaseOrderController',
  'plugin' => NULL,
)
Request URL: /Almacen/Purchase_order/
Stack Trace:
#0 /var/www/html/Almacen/app/webroot/index.php(118): Dispatcher->dispatch(Object(CakeRequest), Object(CakeResponse))
#1 {main}
2015-05-03 20:38:57 Error: [MissingControllerException] Controller class PurchaseOrderController could not be found.
Exception Attributes: array (
  'class' => 'PurchaseOrderController',
  'plugin' => NULL,
)
Request URL: /Almacen/Purchase_order/
Stack Trace:
#0 /var/www/html/Almacen/app/webroot/index.php(118): Dispatcher->dispatch(Object(CakeRequest), Object(CakeResponse))
#1 {main}
2015-05-03 20:38:58 Error: [MissingControllerException] Controller class PurchaseOrderController could not be found.
Exception Attributes: array (
  'class' => 'PurchaseOrderController',
  'plugin' => NULL,
)
Request URL: /Almacen/Purchase_order/
Stack Trace:
#0 /var/www/html/Almacen/app/webroot/index.php(118): Dispatcher->dispatch(Object(CakeRequest), Object(CakeResponse))
#1 {main}
2015-05-03 20:38:58 Error: [MissingControllerException] Controller class PurchaseOrderController could not be found.
Exception Attributes: array (
  'class' => 'PurchaseOrderController',
  'plugin' => NULL,
)
Request URL: /Almacen/Purchase_order/
Stack Trace:
#0 /var/www/html/Almacen/app/webroot/index.php(118): Dispatcher->dispatch(Object(CakeRequest), Object(CakeResponse))
#1 {main}
2015-05-03 20:38:58 Error: [MissingControllerException] Controller class PurchaseOrderController could not be found.
Exception Attributes: array (
  'class' => 'PurchaseOrderController',
  'plugin' => NULL,
)
Request URL: /Almacen/Purchase_order/
Stack Trace:
#0 /var/www/html/Almacen/app/webroot/index.php(118): Dispatcher->dispatch(Object(CakeRequest), Object(CakeResponse))
#1 {main}
2015-05-03 20:39:09 Error: [MissingControllerException] Controller class PurchaseOrderController could not be found.
Exception Attributes: array (
  'class' => 'PurchaseOrderController',
  'plugin' => NULL,
)
Request URL: /Almacen/purchase_order/
Stack Trace:
#0 /var/www/html/Almacen/app/webroot/index.php(118): Dispatcher->dispatch(Object(CakeRequest), Object(CakeResponse))
#1 {main}
2015-05-03 20:40:55 Error: [MissingControllerException] Controller class PurchaseOrderController could not be found.
Exception Attributes: array (
  'class' => 'PurchaseOrderController',
  'plugin' => NULL,
)
Request URL: /Almacen/purchase_order/
Stack Trace:
#0 /var/www/html/Almacen/app/webroot/index.php(118): Dispatcher->dispatch(Object(CakeRequest), Object(CakeResponse))
#1 {main}
2015-05-03 21:02:46 Error: Fatal Error (64): Cannot redeclare class Purchase_order in [/var/www/html/Almacen/app/Model/PurchaseOrder.php, line 0]
2015-05-03 21:02:46 Error: [FatalErrorException] Cannot redeclare class Purchase_order
Request URL: /Almacen/purchase_order/add
Stack Trace:
#0 /var/www/html/Almacen/lib/Cake/Error/ErrorHandler.php(213): ErrorHandler::handleFatalError(64, 'Cannot redeclar...', '/var/www/html/A...', 0)
#1 [internal function]: ErrorHandler::handleError(64, 'Cannot redeclar...', '/var/www/html/A...', 0, Array)
#2 /var/www/html/Almacen/lib/Cake/Core/App.php(933): call_user_func('ErrorHandler::h...', 64, 'Cannot redeclar...', '/var/www/html/A...', 0, Array)
#3 /var/www/html/Almacen/lib/Cake/Core/App.php(906): App::_checkFatalError()
#4 [internal function]: App::shutdown()
#5 {main}
2015-05-03 21:04:21 Error: [MissingControllerException] Controller class PurchaseorderController could not be found.
Exception Attributes: array (
  'class' => 'PurchaseorderController',
  'plugin' => NULL,
)
Request URL: /Almacen/purchaseorder/add
Stack Trace:
#0 /var/www/html/Almacen/app/webroot/index.php(118): Dispatcher->dispatch(Object(CakeRequest), Object(CakeResponse))
#1 {main}
2015-05-03 21:04:34 Error: [MissingControllerException] Controller class PurchaseorderController could not be found.
Exception Attributes: array (
  'class' => 'PurchaseorderController',
  'plugin' => NULL,
)
Request URL: /Almacen/purchaseorder/
Stack Trace:
#0 /var/www/html/Almacen/app/webroot/index.php(118): Dispatcher->dispatch(Object(CakeRequest), Object(CakeResponse))
#1 {main}
2015-05-03 21:04:44 Error: Fatal Error (64): Cannot redeclare class Purchase_order in [/var/www/html/Almacen/app/Model/PurchaseOrder.php, line 0]
2015-05-03 21:04:44 Error: [FatalErrorException] Cannot redeclare class Purchase_order
Request URL: /Almacen/purchase_order/add
Stack Trace:
#0 /var/www/html/Almacen/lib/Cake/Error/ErrorHandler.php(213): ErrorHandler::handleFatalError(64, 'Cannot redeclar...', '/var/www/html/A...', 0)
#1 [internal function]: ErrorHandler::handleError(64, 'Cannot redeclar...', '/var/www/html/A...', 0, Array)
#2 /var/www/html/Almacen/lib/Cake/Core/App.php(933): call_user_func('ErrorHandler::h...', 64, 'Cannot redeclar...', '/var/www/html/A...', 0, Array)
#3 /var/www/html/Almacen/lib/Cake/Core/App.php(906): App::_checkFatalError()
#4 [internal function]: App::shutdown()
#5 {main}
2015-05-03 21:07:36 Error: Fatal Error (4): syntax error, unexpected ',' in [/var/www/html/Almacen/app/View/PurchaseOrder/add.ctp, line 4]
2015-05-03 21:07:36 Error: [FatalErrorException] syntax error, unexpected ','
Request URL: /Almacen/purchase_order/add
Stack Trace:
#0 /var/www/html/Almacen/lib/Cake/Error/ErrorHandler.php(213): ErrorHandler::handleFatalError(4, 'syntax error, u...', '/var/www/html/A...', 4)
#1 [internal function]: ErrorHandler::handleError(4, 'syntax error, u...', '/var/www/html/A...', 4, Array)
#2 /var/www/html/Almacen/lib/Cake/Core/App.php(933): call_user_func('ErrorHandler::h...', 4, 'syntax error, u...', '/var/www/html/A...', 4, Array)
#3 /var/www/html/Almacen/lib/Cake/Core/App.php(906): App::_checkFatalError()
#4 [internal function]: App::shutdown()
#5 {main}
2015-05-03 21:08:04 Error: [PDOException] SQLSTATE[42P01]: Undefined table: 7 ERROR:  relation "purchase_orders_id_seq" does not exist
Request URL: /Almacen/purchase_order/add
Stack Trace:
#0 /var/www/html/Almacen/lib/Cake/Model/Datasource/Database/Postgres.php(294): PDO->lastInsertId('purchase_orders...')
#1 /var/www/html/Almacen/lib/Cake/Model/Datasource/DboSource.php(1014): Postgres->lastInsertId('purchase_orders', 'id')
#2 /var/www/html/Almacen/lib/Cake/Model/Model.php(1928): DboSource->create(Object(PurchaseOrder), Array, Array)
#3 /var/www/html/Almacen/lib/Cake/Model/Model.php(1751): Model->_doSave(Array, Array)
#4 /var/www/html/Almacen/app/Controller/PurchaseOrderController.php(13): Model->save(Array)
#5 [internal function]: PurchaseOrderController->add()
#6 /var/www/html/Almacen/lib/Cake/Controller/Controller.php(490): ReflectionMethod->invokeArgs(Object(PurchaseOrderController), Array)
#7 /var/www/html/Almacen/lib/Cake/Routing/Dispatcher.php(193): Controller->invokeAction(Object(CakeRequest))
#8 /var/www/html/Almacen/lib/Cake/Routing/Dispatcher.php(167): Dispatcher->_invoke(Object(PurchaseOrderController), Object(CakeRequest))
#9 /var/www/html/Almacen/app/webroot/index.php(118): Dispatcher->dispatch(Object(CakeRequest), Object(CakeResponse))
#10 {main}
2015-05-03 21:13:10 Error: [MissingControllerException] Controller class PurchaseOrderController could not be found.
Exception Attributes: array (
  'class' => 'PurchaseOrderController',
  'plugin' => NULL,
)
Request URL: /Almacen/purchase_order/add
Stack Trace:
#0 /var/www/html/Almacen/app/webroot/index.php(118): Dispatcher->dispatch(Object(CakeRequest), Object(CakeResponse))
#1 {main}
2015-05-03 21:13:52 Error: [MissingControllerException] Controller class PurchaseOrderController could not be found.
Exception Attributes: array (
  'class' => 'PurchaseOrderController',
  'plugin' => NULL,
)
Request URL: /Almacen/Purchase_order/add
Stack Trace:
#0 /var/www/html/Almacen/app/webroot/index.php(118): Dispatcher->dispatch(Object(CakeRequest), Object(CakeResponse))
#1 {main}
2015-05-03 21:15:13 Error: [MissingControllerException] Controller class PurchaseOrderController could not be found.
Exception Attributes: array (
  'class' => 'PurchaseOrderController',
  'plugin' => NULL,
)
Request URL: /Almacen/Purchase_order/add
Stack Trace:
#0 /var/www/html/Almacen/app/webroot/index.php(118): Dispatcher->dispatch(Object(CakeRequest), Object(CakeResponse))
#1 {main}
2015-05-03 21:16:47 Error: [MissingControllerException] Controller class PurchaseOrderController could not be found.
Exception Attributes: array (
  'class' => 'PurchaseOrderController',
  'plugin' => NULL,
)
Request URL: /Almacen/Purchase_order/add
Stack Trace:
#0 /var/www/html/Almacen/app/webroot/index.php(118): Dispatcher->dispatch(Object(CakeRequest), Object(CakeResponse))
#1 {main}
